<?xml version="1.0" encoding="UTF-8"?>
<!-- Generated by org.testng.reporters.JUnitReportReporter -->
<testsuite hostname="LAPTOP-U50S12S3" failures="0" tests="2" name="SchoolTest" time="0.060" errors="0" timestamp="27 Aug 2023 16:22:39 GMT">
  <testcase classname="SchoolTest" name="tostringTest" time="0.031"/>
  <testcase classname="SchoolTest" name="schoolTest" time="0.029"/>
</testsuite> <!-- SchoolTest -->
