<?xml version="1.0" encoding="UTF-8"?>
<!-- Generated by org.testng.reporters.JUnitReportReporter -->
<testsuite hostname="LAPTOP-U50S12S3" failures="0" tests="3" name="RactangleTest" time="0.049" errors="0" timestamp="27 Aug 2023 15:16:43 GMT">
  <testcase classname="RactangleTest" name="AreaTest" time="0.020"/>
  <testcase classname="RactangleTest" name="periTest" time="0.001"/>
  <testcase classname="RactangleTest" name="stringTest" time="0.028"/>
</testsuite> <!-- RactangleTest -->
